[    0.000000] Initializing cgroup subsys cpuset
[    0.000000] Initializing cgroup subsys cpu
[    0.000000] Initializing cgroup subsys cpuacct
[    0.000000] Linux version 4.4.0-138-generic (buildd@lcy01-amd64-006) (gcc version 5.4.0 20160609 (Ubuntu 5.4.0-6ubuntu1~16.04.10) ) #164-Ubuntu SMP Tue Oct 2 17:16:02 UTC 2018 (Ubuntu 4.4.0-138.164-generic 4.4.155)
[    0.000000] Command line: BOOT_IMAGE=/boot/vmlinuz-4.4.0-138-generic root=LABEL=cloudimg-rootfs ro console=tty1 console=ttyS0
[    0.000000] KERNEL supported cpus:
[    0.000000]   Intel GenuineIntel
[    0.000000]   AMD AuthenticAMD
[    0.000000]   Centaur CentaurHauls
[    0.000000] x86/fpu: xstate_offset[2]:  576, xstate_sizes[2]:  256
[    0.000000] x86/fpu: Supporting XSAVE feature 0x01: 'x87 floating point registers'
[    0.000000] x86/fpu: Supporting XSAVE feature 0x02: 'SSE registers'
[    0.000000] x86/fpu: Supporting XSAVE feature 0x04: 'AVX registers'
[    0.000000] x86/fpu: Enabled xstate features 0x7, context size is 832 bytes, using 'standard' format.
[    0.000000] e820: BIOS-provided physical RAM map:
[    0.000000] BIOS-e820: [mem 0x0000000000000000-0x000000000009fbff] usable
[    0.000000] BIOS-e820: [mem 0x000000000009fc00-0x000000000009ffff] reserved
[    0.000000] BIOS-e820: [mem 0x00000000000f0000-0x0000000000fffff] reserved
[    0.000000] BIOS-e820: [mem 0x0000000000100000-0x000000003ffeffff] usable
[    0.000000] BOS-e820: [mem 0x000000003fff0000-0x000000003fffffff] ACPI data
[    0.000000] BIOS-e820: [mem 0x00000000fec00000-0x00000000fec00fff] reserved
[    0.000000] BIOS-e820: [mem 0x00000000fee00000-0x00000000fee00fff] reserved
[    0.000000] BIOS-e820: [mem 0x00000000fffc0000-0x00000000ffffffff] reserved
[    0.000000] NX (Execute Disable) protection: active
[    0.000000] SMBIOS 2.5 present.
[    0.000000] Hypervisor detected: KVM
[    0.000000] e820: last_pfn = 0x3fff0 max_arch_pfn = 0x400000000
[    0.000000] MTRR: Disabled
[    0.000000] x86/PAT: MTRRs disabled, skipping PAT initialization too.
[    0.000000] CPU MTRRs all blank - virtualized system.
[    0.000000] x86/PAT: Configuraon [0-7]: WB  WT  UC- UC  WB  WT  UC- UC  
[    0.000000] found SMP MP-table at [mem 0x0009fff0-0x0009ffff] mapped at [ffff88000009fff0]
[    0.000000] Scanning 1 areas  for low memory corruption
[    0.000000] RAMDISK: [mem 0x3630c000-0x37dfff]
[    0.000000] ACPI: Early table checksum verification disabled
[    0.000000] ACPI: RSDP 0x00000000000E0000 000024 (v02 VBOX  )
[    0.000000] ACPI: XSDT 0x000000003FFF0030 00003C (v01 VBOX   VBOXXSDT 00000001 ASL  00000061)
[    0.000000] ACPI: FACP 0x000000003FFF00F0 0000F4 (v04 VBOX   VBOXFACP 00000001 ASL  00000061)
[    0.000000] ACPI: DSDT 0x000000003FFF0470 0021FF (v02 VBOX   VBOXBIOS 00000002 IN 20100528)
[    0.000000] ACPI: FACS 0x000000003FFF0200 000040
[    0.000000] ACPI: FACS 0x000000003FFF0200 000040
[    0.000000] ACPI: APIC 0x000000003FFF0240 00005C (v02 VBOX   VBOXAPIC 00000001 ASL  00000061)
[    0.000000] ACPI: SSDT 0x000000003FFF02A0 0001CC (v01 VBOX   VBOXCPUT 00000002 INTL 20100528)
[    0.000000] No NUMA configuration found
[    0.000000] Faking a node at [mem 0x0000000000000000-0x000000003ffeffff]
[    0.000000] NODE_DATA(0) allocated [mem 0x3ffeb000-0x3ffeffff]
[    0.000000] kvm-clock: Using msrs 4b564d01 and 4b564d00
[    0.000000] kvm-clock: cpu 0, msr 0:3ffe3001, primary cpu clock
[    0.000000] kvm-clock: using sched offset of 5919340889 cycles
[    0.000000] clocksource: kvm-clock: mask: 0xffffffffffffffff max_cycles: 0x1cd42e4dffb, max_idle_ns: 881590591483 ns
[    0.000000] Zone ranges:
[    0.000000]   DMA      [mem 0x0000000000001000-0x0000000000ffffff]
[   0.000000]   DMA32    [mem 0x0000000001000000-0x000000003ffeffff]
[    0.000000]   Normal   empty
[    0.000000]   Device   empty
[    0.000000] Movable zone start for each node
[    0.000000] Early memory node ranges
[    0.000000]   node   0: [mem 0x0000000000001000-0x000000000009efff]
[    0.000000]   node   0: [mem 0x0000000000100000-0x000000003ffeffff]
[    0.000000]] Initmem setup node 0 [mem 0x0000000000001000-0x000000003ffeffff]
[    0.000000] ACPI: PM-Timer IO Port: 0x4008
[    0.000000] IOAPIC[0]: apic_id 2, version 32, address 0xfec00000, GSI 0-23
[    0.000000] ACPI: INT_SRC_OVR (bus 0 bus_irq 0 global_irq 2 dfl dfl)
[    0.000000] ACPI: INT_SRC_OVR (bus 0 bus_irq 9 global_irq 9 low level)
[    0.000000] Using ACPI (MADT) for SMP configuration information
[    0.000000] smpboot: Allowing 2 CPUs, 0 hotplug CPUs
[    0.000000] PM: Registered nosave memory: [mem 0x00000000-0x00000fff]
[    0.000000] PM: Registered nosave memory: [mem 0x0009f000-0x0009ffff]
[    0.000000] PM: Registered nosave memory: [mem 0x000a0000-0x000effff]
[    0.000000] PM: Registered nosave memory: [mem 0x000f0000-0x000fffff]
[    0.000000] e820: [mem 0x40000000-0xfebfffff] available for PCI devices
[    0.000000] Booting paravirtualized kernel on KVM
[    0.000000] clocksource: refined-jiffies: mask: 0xffffffff max_cycles: 0xffffffff, max_idle_ns: 7645519600211568 ns
[    0.000000] setup_percpu: NR_CPUS:512 nr_cpumask_bits:512 nr_cpu_ids:2 nr_node_ids:1
[    0.000000] PERCPU: Embedded 34 pages/cpu @ffff88003fc00000 s99608 r8192 d31464 u1048576
[    0.000000] PV qspinlock hash table entries: 256 (order: 0, 4096 bytes)
[    0.000000] Built 1 zonelists in Node order, mobility grouping on.  Total pages: 257912
[    0.000000] Policy zone: DMA32
[    0.000000] Kernel command line: BOOT_IMAGE=/boot/vmlinuz-4.4.0-138-generic root=LABEL=cloudimg-rootfs ro console=ty1 console=ttyS0
[    0.000000] PID hash table entries: 4096 (order: 3, 32768 bytes)
[    0.000000] Memory: 997712K/1048120K available (8563K kernel code, 1314K rwdata, 4004K rodata, 1528K init, 1316K bss, 50408K reserved, 0K cma-reserved)
[    0.000000] SLUB: HWalign=64, Order=0-3, MinObjects=0, CPUs=2, Nodes=1
[    0.000000] Kernel/User page tables isolation: enabled
[    0.000000] Hierarchical RCU implementation.
[    0.000000] 	Build-time adjustment of leaf fanout to 64.
[    0.000000] 	RCU restricting CPUs from NR_CPUS=512 to nr_cpu_ids=2.
[    0.000000] RCU: Adjusting geometry for rcu_fanout_leaf=64, nr_cpu_ids=2
[    0.000000] NR_IRQS:33024 nr_irqs:440 16
[    0.000000] Console: colour VGA+ 80x25
[    0.000000] console [tty1] enabled
[    0.000000] console [ttyS0] enabled
[    0.000000] tsc: Detected 2904.000 MHz processor
[    1.270029] Calibrating delay loop (skipped) preset value.. 5808.00 BogoMIPS (lpj=11616000)
[    1.274344] pid_max: default: 32768 minimum: 301
[    1.276137] ACPI: Core revision 20150930
[    1.279920] ACPI: 2 ACPI AML tables successfully acquired and loaded
[    1.282631] Security Framework initialized
[    1.285040] Yama: becoming mindful.
[    1.286716] AppArmor: AppArmor initialized
[    1.288819] Dentry cache hash table entries: 131072 (order: 8, 1048576 bytes)
[    1.302300] Inode-cache hash table entries: 65536 (order: 7, 524288 bytes)
[    1.305421] Mount-cache hash table entries: 2048 (order: 2, 16384 bytes)
[    1.307522] Mountpoint-cache hash table entries: 2048 (order: 2, 16384 bytes)
[    1.310059] Initializing cgroup subsys io
[    1.311570] Initializing cgroup subsys memory
[    1.313131] Initializing cgroup subsys devices
[    1.314677] Initializing cgroup subsys freezer
[    1.316219] Initializing cgroup subsys net_cls
[    1.317886] Initializing cgroup subsys perf_event
[    1.319584] Initializing cgroup subsys net_prio
[    1.321301] Initializing cgroup subsys hugetlb
[    1.322918] Initializing cgroup subsys pids
[    1.325888] mce: CPU supports 0 MCE banks
[    1.327511] Last level iTLB entries: 4KB 64, 2MB 8, 4MB 8
[    1.329334] Last level dTLB entries: 4KB 64, 2MB 0, 4MB 0, 1GB 4
[    1.338691] Spectre V2 : Mitigation: Full generic retpoline
[    1.340808] Spectre V2 : Spectre v2 mitigation: Speculation control IBPB not-supported IBRS not-supported
[    1.343710] Spectre V2 : Spectre v2 / SpectreRSB mitigation: Filling RSB on context switch
[    1.347307] Speculative Store Bypass: Vulnerable
[    1.352387] Freeing SMP alternatives memory: 32K
[    1.365474] ftrace: allocating 32278 entries in 127 pages
[    1.456919] smpboot: APIC(0) Converting physical 0 to logical package 0
[    1.459091] smpboot: Max logical packages: 1
[    1.461118] x2apic enabled
[    1.462492] Switched APIC routing to physical x2apic.
[    1.466049] ..TIMER: vector=0x30 apic1=0 pin1=2 apic2=-1 pin2=-1
[    1.572974] smpboot: CPU0: Intel(R) Core(TM) i7-7500U CPU @ 2.70GHz (family: 0x6, model: 0x8e, stepping: 0x9)
[    1.576475] Performance Events: unsupported p6 CPU model 142 no PMU driver, software events only.
[    1.579654] KVM setup paravirtual spinlock
[    1.581964] x86: Booting SMP configuration:
[    1.583357] .... node  #0, CPUs:      #1
[    1.584790] kvm-clock: cpu 1, msr 0:3ffe3041, secondary cpu clock
[    1.589446] mce: CPU supports 0 MCE banks
[    1.592295] x86: Booted up 1 node, 2 CPUs
[    1.594106] smpboot: Total of 2 processors activated (11616.00 BogoMIPS)
[    1.596801] devtmpfs: initialized
[    1.600087] evm: security.selinux
[    1.608154] evm: security.SMACK64
[    1.609421] evm: security.SMACK64EXEC
[    1.610745] evm: security.SMACK64TRANSMUTE
[    1.612143] evm: security.SMACK64MMAP
[    1.621011] evm: security.ima
[    1.622683] evm: security.capability
[    1.624322] clocksource: jiffies: mask: 0xffffffff max_cycles: 0xffffffff, max_idle_ns: 7645041785100000 ns
[    1.627407] futex hash table entries: 512 (order: 3, 32768 bytes)
[    1.629332] pinctrl core: initialized pinctrl subsystem
[    1.634821] RTC time:  0:01:08, date: 11/15/18
[    1.637930] NET: Registered protocol family 16
[    1.650323] cpuidle: using governor ladder
[    1.662991] cpuidle: using governor menu
[    1.664564] PCCT header not found.
[    1.665986] ACPI: bus type PCI registered
[    1.667327] acpiphp: ACPI Hot Plug PCI Controller Driver version: 0.5
[    1.669728] PCI: Using configuration type 1 for base access
[    1.686419] ACPI: Added _OSI(Module Device)
[    1.687866] ACPI: Added _OSI(Processor Device)
[    1.689348] ACPI: Added _OSI(3.0 _SCP Extensions)
[    1.690898] ACPI: Added _OSI(Processor Aggregator Device)
[    1.693524] ACPI: Executed 1 blocks of module-level executable AML code
[    1.698808] ACPI: Interpreter enabled
[    1.700209] ACPI: (supports S0 S5)
[    1.701376] ACPI: Using IOAPIC for interrupt routing
[    1.704384] PCI: Using host bridge windows from ACPI; if necessary, use "pci=nocrs" and report a bug
[    1.712315] ACPI: PCI Root Bridge [PCI0] (domain 0000 [bus 00-ff])
[    1.714165] acpi PNP0A03:00: _OSC: OS supports [ASPM ClockPM Segments MSI]
[    1.716188] acpi PNP0A03:00: _OSC: not requesting OS control; OS requires [ExtendedConfig ASPM ClockPM MSI]
[    1.719515] acpi PNP0A03:00: fail to add MMCONFIG information, can't access extended PCI configuration space under this bridge.
[    1.727173] PCI host bridge to bus 0000:00
[    1.728638] pci_bus 0000:00: root bus resource [io  0x0000-0x0cf7 window]
[    1.730771] pci_bus 0000:00: root bus resource [io  0x0d00-0xffff window]
[    1.732855] pci_bus 0000:00: root bus resource [mem 0x000a0000-0x000bffff window]
[    1.735348] pci_bus 0000:00: root bus resource [mem 0x40000000-0xfdffffff window]
[    1.738396] pci_bus 0000:00: root bus resource [bus 00-ff]
[    1.742375] pci 0000:00:01.1: legacy IDE quirk: reg 0x10: [io  0x01f0-0x01f7]
[    1.744596] pci 0000:00:01.1: legacy IDE quirk: reg 0x14: [io  0x03f6]
[    1.746579] pci 0000:00:01.1: legacy IDE quirk: reg 0x18: [io  0x0170-0x0177]
[    1.748791] pci 0000:00:01.1: legacy IDE quirk: reg 0x1c: [io  0x0376]
[    1.784783] pci 0000:00:07.0: quirk: [io  0x4000-0x403f] claimed by PIIX4 ACPI
[    1.787447] pci 0000:00:07.0: quirk: [io  0x4100-0x410f] claimed by PIIX4 SMB
[    1.800842] ACPI: PCI Interrupt Link [LNKA] (IRQs 5 9 10 *11)
[    1.804375] ACPI: PCI Interrupt Link [LNKB] (IRQs 5 9 *10 11)
[    1.806960] ACPI: PCI Interrupt Link [LNKC] (IRQs 5 *9 10 11)
[    1.809539] ACPI: PCI Interrupt Link [LNKD] (IRQs 5 9 10 *11)
[    1.813430] ACPI: Enabled 2 GPEs in block 00 to 07
[    1.815726] vgaarb: setting as boot device: PCI:0000:00:02.0
[    1.817573] vgaarb: device added: PCI:0000:00:02.0,decodes=io+mem,owns=io+mem,locks=none
[    1.820703] vgaarb: loaded
[    1.821914] vgaarb: bridge control possible 0000:00:02.0
[    1.823856] SCSI subsystem initialized
[    1.825381] ACPI: bus type USB registered
[    1.826875] usbcore: registered new interface driver usbfs
[    1.828655] usbcore: registered new interface driver hub
[    1.830414] usbcore: registered new device driver usb
[    1.843368] PCI: Using ACPI for IRQ routing
[    1.845266] NetLabel: Initializing
[    1.846579] NetLabel:  domain hash size = 128
[    1.848068] NetLabel:  protocols = UNLABELED CIPSOv4
[    1.849788] NetLabel:  unlabeled traffic allowed by default
[    1.851814] amd_nb: Cannot enumerate AMD northbridges
[    1.859153] clocksource: Switched to clocksource kvm-clock
[    1.890783] AppArmor: AppArmor Filesystem Enabled
[    1.892508] pnp: PnP ACPI init
[    1.894987] pnp: PnP ACPI: found 3 devices
[    1.907527] clocksource: acpi_pm: mask: 0xffffff max_cycles0xffffff, max_idle_ns: 2085701024 ns
[    1.967157] NET: Registered protocol family 2

[    1.968872] TCP established hash table entries: 8192 (order: 4, 65536 bytes)
[    1.972709] TCP bind hash table entries: 8192 (order: 5, 131072 bytes)
[    1.975105] TCP: Hash tables configured (established 8192 bind 8192)
[    1.977590] UDP hash table entries: 512 (order: 2, 16384 bytes)
[    1.979410] UDP-Lite hash table entries: 512 (order: 2, 16384 bytes)
[    1.981543] NET: Registered protocol family 1
[    1.982934] pci 0000:00:00.0: Limiting direct PCI/PCI transfers
[    1.984930] pci 0000:00:01.0: Activating ISA DMA hang workarounds
[    1.987007] Unpacking initramfs...
[    2.527478] Freeing initrd memory: 14792K
[    2.529090] platform rtc_cmos: registered platform RTC device (no PNP device found)
[    2.531641] Scanning for low memory corruption every 60 seconds
[    2.534161] audit: initializing netlink subsys (disabled)
[    2.542944] audit: type=2000 audit(1542240075.681:1): initialized
[    2.545116] Initialise system trusted keyring
[    2.546751] HugeTLB registered 2 MB page size, pre-allocated 0 pages
[    2.550704] zbud: loaded
[    2.552650] VFS: Disk quotas dquot_6.6.0
[    2.554266] VFS: Dquot-cache hash table entries: 512 (order 0, 4096 bytes)
[    2.563524] squashfs: version 4.0 (2009/01/31) Phillip Lougher
[    2.565538] fuse init (API version 7.23)
[    2.567019] Key type big_key registered
[    2.568640] Allocating IMA MOK and blacklist keyrings.
[    2.571906] Key type asymmetric registered
[    2.573578] Asymmetric key parser 'x509' registered
[    2.575904] Block layer SCSI generic (bsg) driver version 0.4 loaded (major 249)
[    2.578479] io scheduler noop registered
[    2.579761] io scheduler deadline registered (default)
[    2.581378] io scheduler cfq registered
[    2.582692] pci_hotplug: PCI Hot Plug PCI Core version: 0.5
[    2.584405] pciehp: PCI Express Hot Plug Controller Driver version: 0.4
[    2.588349] ACPI: AC Adapter [AC] (on-line)
[    2.589852] input: Power Button as /devices/LNXSYSTM:00/LNXPWRBN:00/input/input0
[    2.599350] ACPI: Power Button [PWRF]
[    2.600698] input: Sleep Button as /devices/LNXSYSTM:00/LNXSLPBN:00/input/input1
[    2.603958] ACPI: Sleep Button [SLPF]
[    2.612233] GHES: HEST is not enabled!
[    2.613093] ACPI: Battery Slot [BAT0] (battery present)
[    2.615449] Serial: 8250/16550 driver, 32 ports, IRQ sharing enabled
[    2.640956] 00:02: ttyS0 at I/O 0x3f8 (irq = 4, base_baud = 115200) is a 16550A
[    2.647312] Linux agpgart interface v0.103
[    2.651334] loop: module loaded
[    2.653485] scsi host0: ata_piix
[    2.655376] scsi host1: ata_piix
[    2.657390] ata1: PATA max UDMA/33 cmd 0x1f0 ctl 0x3f6 bmdma 0xd000 irq 14
[    2.659563] ata2: PATA max UDMA/33 cmd 0x170 ctl 0x376 bmdma 0xd008 irq 15
[    2.661620] libphy: Fixed MDIO Bus: probed
[    2.663299] tun: Universal TUN/TAP device driver, 1.6
[    2.664848] tun: (C) 1999-2004 Max Krasnyansky <maxk@qualcomm.com>
[    2.666846] PPP generic driver version 2.4.2
[    2.668868] ehci_hcd: USB 2.0 'Enhanced' Host Controller (EHCI) Driver
[    2.679515] ehci-pci: EHCI PCI platform driver
[    2.680872] ehci-platform: EHCI generic platform driver
[    2.682480] ohci_hcd: USB 1.1 'Open' Host Controller (OHCI) Driver
[    2.684358] ohci-pci: OHCI PCI platform driver
[    2.686210] ohci-platform: OHCI generic platform driver
[    2.688096] uhci_hcd: USB Universal Host Controller Interface driver
[    2.690839] i8042: PNP: PS/2 Controller [PNP0303:PS2K,PNP0f03:PS2M] at 0x60,0x64 irq 1,12
[    2.694227] serio: i8042 KBD port at 0x60,0x64 irq 1
[    2.695766] serio: i8042 AUX port at 0x60,0x64 irq 12
[    2.697412] mousedev: PS/2 mouse device common for all mice
[    2.699355] input: AT Translated Set 2 keyboard as /devices/platform/i8042/serio0/input/input2
[    2.703215] rtc_cmos rtc_cmos: rtc core: registered rtc_cmos as rtc0
[    2.705779] rtc_cmos rtc_cmos: alarms up to one day, 114 bytes nvram
[    2.708548] i2c /dev entries driver
[    2.709986] device-mapper: uevent: version 1.0.3
[    2.719027] device-mapper: ioctl: 4.34.0-ioctl (2015-10-28) initialised: dm-devel@redhat.com
[    2.730441] ledtrig-cpu: registered to indicate activity on CPUs
[    2.733586] NET: Registered protocol family 10
[    2.736123] NET: Registered protocol family 17
[    2.737708] Key type dns_resolver registered
[    2.739762] registered taskstats version 1
[    2.741296] Loading compiled-in X.509 certificates
[    2.744317] Loaded X.509 cert 'Build time autogenerated kernel key: 9a104bc44b81e9426fe5c715e47d021d02d69eba'
[    2.747206] zswap: loaded using pool lzo/zbud
[    2.750656] Key type trusted registered
[    2.757042] Key type encrypted registered
[    2.758746] AppArmor: AppArmor sha1 policy hashing enabled
[    2.760405] ima: No TPM chip found, activating TPM-bypass!
[    2.762138] ima: Allocated hash algorithm: sha1
[    2.763561] evm: HMAC attrs: 0x1
[    2.765216]   Magic number: 10:116:1
[    2.766486] rtc_cmos rtc_cmos: setting system clock to 2018-11-15 00:01:09 UTC (1542240069)
[    2.769825] BIOS EDD facility v0.16 2004-Jun-25, 0 devices found
[    2.772279] EDD information not available.
[    2.816954] Freeing unused kernel memory: 1528K
[    2.819075] Write protecting the kernel read-only data: 14336k
[    2.821761] Freeing unused kernel memory: 1664K
[    2.824151] Freeing unused kernel memory: 92K
Loading, please wait...
starting version 229
[    2.840369] random: systemd-udevd: uninitialized urandom read (16 bytes read, 5 bits of entropy available)
[    2.841137] random: udevadm: uninitialized urandom read (16 bytes read, 5 bits of entropy available)
[    2.841161] random: udevadm: uninitialized urandom read (16 bytes read, 5 bits of entropy available)
[    2.852011] random: udevadm: uninitialized urandom read (16 bytes read, 5 bits of entropy available)
[    2.852064] random: udevadm: uninitialized urandom read (16 bytes read, 5 bits of entropy available)
[    2.852239] random: udevadm: uninitialized urandom read (16 bytes read, 5 bits of entropy available)
[    2.852303] random: udevadm: uninitialized urandom read (16 bytes read, 5 bits of entropy available)
[    2.852364] random: udevadm: uninitialized urandom read (16 bytes read, 5 bits of entropy available)
[    2.852425] random: udevadm: uninitialized urandom read (16 bytes read, 5 bits of entropy available)
[    2.852483] random: udevadm: uninitialized urandom read (16 bytes read, 5 bits of entropy available)
[    2.944988] e1000: Intel(R) PRO/1000 Network Driver - version 7.3.21-k8-NAPI
[    2.947980] e1000: Copyright (c) 1999-2006 Intel Corporation.
[    2.951111] Fusion MPT base driver 3.04.20
[    2.954047] Copyright (c) 1999-2008 LSI Corporation
[    2.981563] Fusion MPT SPI Host driver 3.04.20
[    3.010702] AVX2 version of gcm_enc/dec engaged.
[    3.047579] AES CTR mode by8 optimization enabled
[    3.211853] input: ImExPS/2 Generic Explorer Mouse as /devices/platform/i8042/serio1/input/input4
[    4.071992] tsc: Refined TSC clocksource calibration: 2903.980 MHz
[    4.073956] clocksource: tsc: mask: 0xffffffffffffffff max_cycles: 0x29dbf312c10, max_idle_ns: 440795353501 ns
[    4.110799] e1000 0000:00:03.0 eth0: (PCI:33MHz:32-bit) 02:f1:4a:ea:cb:db
[    4.882440] e1000 0000:00:03.0 eth0: Intel(R) PRO/1000 Network Connection
[    5.639504] e1000 0000:00:08.0 eth1: (PCI:33MHz:32-bit) 08:00:27:1b:67:a4
[    5.642156] e1000 0000:00:08.0 eth1: Intel(R) PRO/1000 Network Connection
[    5.645339] mptbase: ioc0: Initiating bringup
[    5.645497] e1000 0000:00:08.0 enp0s8: renamed from eth1
[    5.657264] e1000 0000:00:03.0 enp0s3: renamed from eth0
[    5.715567] ioc0: LSI53C1030 A0: Capabilities={Initiator}
[    5.885496] scsi host2: ioc0: LSI53C1030 A0, FwRev=00000000h, Ports=1, MaxQ=256, IRQ=20
[    6.011762] scsi 2:0:0:0: Direct-Access     VBOX     HARDDISK         1.0  PQ: 0 ANSI: 5
[    6.014451] scsi target2:0:0: Beginning Domain Validation
[    6.017738] scsi target2:0:0: Domain Validation skipping write tests
[    6.019873] scsi target2:0:0: Ending Domain Validation
[    6.021832] scsi target2:0:0: asynchronous
[    6.031062] scsi 2:0:1:0: Direct-Access     VBOX     HARDDISK         1.0  PQ: 0 ANSI: 5
[    6.048980] scsi target2:0:1: Beginning Domain Validation
[    6.059354] scsi target2:0:1: Domain Validation skipping write tests
[    6.061232] scsi target2:0:1: Ending Domain Validation
[    6.062859] scsi target2:0:1: asynchronous
[    6.070924] sd 2:0:0:0: Attached scsi generic sg0 type 0
[    6.073407] sd 2:0:0:0: [sda] 20971520 512-byte logical blocks: (10.7 GB/10.0 GiB)
[    6.076116] sd 2:0:1:0: Attached scsi generic sg1 type 0
[    6.077724] sd 2:0:1:0: [sdb] 20480 512-byte logical blocks: (10.5 MB/10.0 MiB)
[    6.080202] sd 2:0:0:0: [sda] Write Protect is off
[    6.081775] sd 2:0:0:0: [sda] Incomplete mode parameter data
[    6.083675] sd 2:0:0:0: [sda] Assuming drive cache: write through
[    6.085934] sd 2:0:1:0: [sdb] Write Protect is off
[    6.088179] sd 2:0:1:0: [sdb] Incomplete mode parameter data
[    6.090310] sd 2:0:1:0: [sdb] Assuming drive cache: write through
[    6.367301]  sda: sda1
[    6.659865] sd 2:0:0:0: [sda] Attached SCSI disk
[    6.661723] sd 2:0:1:0: [sdb] Attached SCSI disk
Begin: Loading e[    8.193121] md: linear personality registered for level -1
ssential drivers ... [    8.199938] md: multipath personality registered for level -4
[    8.211826] md: raid0 personality registered for level 0
[    8.216583] md: raid1 personality registered for level 1
[    8.291483] raid6: sse2x1   gen()  8888 MB/s
[    8.359311] raid6: sse2x1   xor()  6602 MB/s
[    8.427183] raid6: sse2x2   gen() 11587 MB/s
[    8.495488] raid6: sse2x2   xor()  7410 MB/s
[    8.563316] raid6: sse2x4   gen() 13443 MB/s
[    8.631166] raid6: sse2x4   xor()  8991 MB/s
[    8.699447] raid6: avx2x1   gen() 17699 MB/s
[    8.771268] raid6: avx2x2   gen() 17992 MB/s
[    8.839573] raid6: avx2x4   gen() 18615 MB/s
[    8.842335] raid6: using algorithm avx2x4 gen() 18615 MB/s
[    8.844109] raid6: using avx2x2 recovery algorithm
[    8.846719] xor: automatically using best checksumming function:
[    8.887635]    avx       : 19527.000 MB/sec
[    8.890821] async_tx: api initialized (async)
[    8.901648] md: raid6 personality registered for level 6
[    8.904400] md: raid5 personality registered for level 5
[    8.906104] md: raid4 personality registered for level 4
[    8.914207] md: raid10 personality registered for level 10
done.
Begin: Running /scripts/init-premount ... done.
Begin: Mounting root file system ... Begin: Running /scripts/local-top ... done.
Begin: Running /scripts/local-premount ... [    8.964081] Btrfs loaded
Scanning for Btrfs filesystems
done.
Warning: fsck not present, so skipping root file system
[    9.019683] EXT4-fs (sda1): INFO: recovery required on readonly filesystem
[    9.022769] EXT4-fs (sda1): write access will be enabled during recovery
[    9.131963] EXT4-fs (sda1): recovery complete
[    9.141428] EXT4-fs (sda1): mounted filesystem with ordered data mode. Opts: (null)
done.
Begin: Running /scripts/local-bottom ... done.
Begin: Running /scripts/init-bottom ... done.
[   10.077408] systemd[1]: systemd 229 running in system mode. (+PAM +AUDIT +SELINUX +IMA +APPARMOR +SMACK +SYSVINIT +UTMP +LIBCRYPTSETUP +GCRYPT +GNUTLS +ACL +XZ -LZ4 +SECCOMP +BLKID +ELFUTILS +KMOD -IDN)
[   10.090312] systemd[1]: Detected virtualization oracle.
[   10.093000] systemd[1]: Detected architecture x86-64.

Welcome to [1mUbuntu 16.04.5 LTS[0m!

[   10.118930] systemd[1]: Set hostname to <ubuntu-xenial>.
[   10.221099] random: nonblocking pool is initialized
[   10.864189] systemd[1]: Listening on udev Control Socket.
[[0;32m  OK  [0m] Listening on udev Control Socket.
[   10.869708] systemd[1]: Listening on Journal Audit Socket.
[[0;32m  OK  [0m] Listening on Journal Audit Socket.
[   10.872784] systemd[1]: Started Forward Password Requests to Wall Directory Watch.
[[0;32m  OK  [0m] Started Forward Password Requests to Wall Directory Watch.
[   10.885692] systemd[1]: Listening on Device-mapper event daemon FIFOs.
[[0;32m  OK  [0m] Listening on Device-mapper event daemon FIFOs.
[   10.908521] systemd[1]: Listening on Syslog Socket.
[[0;32m  OK  [0m] Listening on Syslog Socket.
[   10.911363] systemd[1]: Listening on /dev/initctl Compatibility Named Pipe.
[[0;32m  OK  [0m] Listening on /dev/initctl Compatibility Named Pipe.
[   10.914860] systemd[1]: Reached target System Time Synchronized.
[[0;32m  OK  [0m] Reached target System Time Synchronized.
[   10.967608] systemd[1]: Set up automount Arbitrary Executable File Formats File System Automount Point.
[[0;32m  OK  [0m] Set up automount Arbitrary Executab...ats File System Automount Point.
[   10.980035] systemd[1]: Listening on udev Kernel Socket.
[[0;32m  OK  [0m] Listening on udev Kernel Socket.
[   10.995697] systemd[1]: Reached target Encrypted Volumes.
[[0;32m  OK  [0m] Reached target Encrypted Volumes.
[   10.998728] systemd[1]: Listening on Journal Socket (/dev/log).
[[0;32m  OK  [0m] Listening on Journal Socket (/dev/log).
[   11.021938] systemd[1]: Created slice User and Session Slice.
[[0;32m  OK  [0m] Created slice User and Session Slice.
[   11.025255] systemd[1]: Listening on LVM2 poll daemon socket.
[[0;32m  OK  [0m] Listening on LVM2 poll daemon socket.
[   11.053696] systemd[1]: Reached target User and Group Name Lookups.
[[0;32m  OK  [0m] Reached target User and Group Name Lookups.
[   11.064052] systemd[1]: Started Trigger resolvconf update for networkd DNS.
[[0;32m  OK  [0m] Started Trigger resolvconf update for networkd DNS.
[   11.093940] systemd[1]: Listening on Journal Socket.
[[0;32m  OK  [0m] Listening on Journal Socket.
[   11.125852] systemd[1]: Listening on LVM2 metadata daemon socket.
[[0;32m  OK  [0m] Listening on LVM2 metadata daemon socket.
[   11.129421] systemd[1]: Created slice System Slice.
[[0;32m  OK  [0m] Created slice System Slice.
[   11.162955] systemd[1]: Reached target Slices.
[[0;32m  OK  [0m] Reached target Slices.
[   11.180073] systemd[1]: Starting Load Kernel Modules...
         Starting Load Kernel Modules...
[   11.184367] systemd[1]: Starting Journal Service...
         Starting Journal Service...
[   11.195852] systemd[1]: Mounting Huge Pages File System...
         Mounting Huge Pages File System...
[   11.251308] systemd[1]: Mounting Debug File System...
         Mounting Debug File Sys[   11.272583] Loading iSCSI transport class v2.0-870.
tem...
[   11.300509] systemd[1]: Starting Create list of required static device nodes for the current kernel...
         Starting Create list of required st... nodes for the current kernel...
[   11.314414] systemd[1]: Starting Remount Root and Kernel File Systems...
         Starting Remount Root and Kernel File Systems...
[   11.344099] systemd[1]: Starting Uncomplicated firewall...
         Starting Uncomplicated firewall...
[   11.355199] systemd[1]: Starting Set console keymap...
         Startin[   11.367344] iscsi: registered transport (tcp)
g Set console ke[   11.378980] EXT4-fs (sda1): re-mounted. Opts: (null)
ymap...
[   11.415309] systemd[1]: Mounting POSIX Message Queue File System...
         Mounting POSIX Message Queue File System...
[   11.445579] systemd[1]: Starting Monitoring of LVM2 mirrors, snapshots etc. using dmeventd or progress polling...
         Starting Monitoring of LVM2 mirrors... dmeventd or progress polling...
[   11.485133] systemd[1]: Created slice system-serial\x2dgetty.slice.
[[0;32m  OK  [0m] Created slice system-serial\x2dgetty.slice.
[   11.493176] systemd[1]: Reached target Swap.
[[0;32m  OK  [0m] Reached target Swap.
[   11.515822] systemd[1]: Starting Nameserver information manager...
         Starting Nameserver information manager[   11.525283] iscsi: registered transport (iser)
...
[   11.656413] systemd[1]: Mounted Huge Pages File System.
[[0;32m  OK  [0m] Mounted Huge Pages File System.
[   11.659728] systemd[1]: Mounted Debug File System.
[[0;32m  OK  [0m] Mounted Debug File System.
[   11.662679] systemd[1]: Mounted POSIX Message Queue File System.
[[0;32m  OK  [0m] Mounted POSIX Message Queue File System.
[   11.673374] systemd[1]: Started Journal Service.
[[0;32m  OK  [0m] Started Journal Service.
[[0;32m  OK  [0m] Started Load Kernel Modules.
[[0;32m  OK  [0m] Started Create list of required sta...ce nodes for the current kernel.
[[0;32m  OK  [0m] Started Remount Root and Kernel File Systems.
[[0;32m  OK  [0m] Started Uncomplicated firewall.
[[0;32m  OK  [0m] Started Set console keymap.
[[0;32m  OK  [0m] Started Nameserver information manager.
[[0;32m  OK  [0m] Started LVM2 metadata daemon.
         Starting Load/Save Random Seed...
         Starting udev Coldplug all Devices...
         Starting Create Static Device Nodes in /dev...
         Starting Apply Kernel Variables...
         Mounting FUSE Control File System...
         Starting Flush Journal to Persistent Storage...
[[0;32m  OK  [0m] Mounted FUSE Control File System.
[[0;32m  OK  [0m] Started Load/Save Random Seed.
[[0;32m  OK  [0m] Started Create Static Device Nodes in /dev.
[[0;32m  OK  [0m] Started Apply Kernel Variables.
[[0;32m  OK  [0m] Started udev Coldplug all Devices.
         Starting udev Kernel Device Manager...
[[0;32m  OK  [0m] Started Flush Journal to Persistent Storage.
[[0;32m  OK  [0m] Started udev Kernel Device Manager.
[[0;32m  OK  [0m] Started Dispatch Password Requests to Console Directory Watch.
[[0;32m  OK  [0m] Started Monitoring of LVM2 mirrors,...ng dmeventd or progress polling.
[[0;32m  OK  [0m] Reached target Local File Systems (Pre).
[[0;32m  OK  [0m] Reached target Local File Systems.
         Starting Tell Plymouth To Write Out Runtime Data...
         Starting Create Volatile Files and Directories...
         Starting LSB: AppArmor initialization...
         Starting Set console font and keymap...
         Starting Initial cloud-init job (pre-networking)...
[[0;32m  OK  [0m] Started Tell Plymouth To Write Out Runtime Data.
[[0;32m  OK  [0m] Started Create Volatile Files and Directories.
[[0;32m  OK  [0m] Found device /dev/ttyS0.
[[0;32m  OK  [0m] Listening on Load/Save RF Kill Switch Status /dev/rfkill Watch.
         Starting Update UTMP about System Boot/Shutdown...
[[0;32m  OK  [0m] Started Update UTMP about System Boot/Shutdown.
[[0;32m  OK  [0m] Started Set console font and keymap.
[[0;32m  OK  [0m] Created slice system-getty.slice.
[[0;32m  OK  [0m] Started LSB: AppArmor initialization.
[   15.704278] cloud-init[515]: Cloud-init v. 18.4-0ubuntu1~16.04.2 running 'init-local' at Thu, 15 Nov 2018 00:01:22 +0000. Up 14.32 seconds.
[[0;32m  OK  [0m] Started Initial cloud-init job (pre-networking).
[[0;32m  OK  [0m] Reached target Network (Pre).
         Starting Raise network interfaces...
[[0;32m  OK  [0m] Started ifup for enp0s8.
[[0;32m  OK  [0m] Started ifup for enp0s3.
[[0;32m  OK  [0m] Started Raise network interfaces.
[[0;32m  OK  [0m] Reached target Network.
         Starting Initial cloud-init job (metadata service crawler)...
[   17.505990] cloud-init[1055]: Cloud-init v. 18.4-0ubuntu1~16.04.2 running 'init' at Thu, 15 Nov 2018 00:01:25 +0000. Up 16.88 seconds.
[   17.515650] cloud-init[1055]: ci-info: ++++++++++++++++++++++++++++++++++++++Net device info+++++++++++++++++++++++++++++++++++++++
[   17.520617] cloud-init[1055]: ci-info: +--------+------+-----------------------------+---------------+--------+-------------------+
[   17.532708] cloud-init[1055]: ci-info: | Device |  Up  |           Address           |      Mask     | Scope  |     Hw-Address    |
[   17.541506] cloud-init[1055]: ci-info: +--------+------+-----------------------------+---------------+--------+-------------------+
[   17.549290] cloud-init[1055]: ci-info: | enp0s3 | True |          10.0.2.15          | 255.255.255.0 | global | 02:f1:4a:ea:cb:db |
[   17.562919] cloud-init[1055]: ci-info: | enp0s3 | True |  fe80::f1:4aff:feea:cbdb/64 |       .       |  link  | 02:f1:4a:ea:cb:db |
[   17.585973] cloud-init[1055]: ci-info: | enp0s8 | True |          10.0.0.201         | 255.255.255.0 | global | 08:00:27:1b:67:a4 |
[   17.616223] cloud-init[1055]: ci-info: | enp0s8 | True | fe80::a00:27ff:fe1b:67a4/64 |       .       |  link  | 08:00:27:1b:67:a4 |
[   17.616526] cloud-init[1055]: ci-info: |   lo   | True |          127.0.0.1          |   255.0.0.0   |  host  |         .         |
[   17.616844] cloud-init[1055]: ci-info: |   lo   | True |           ::1/128           |       .       |  host  |         .         |
[[0;32m  OK  [0m] Started Initial cloud-init job (metadata service crawler).
[   17.617050] cloud-init[1055]: ci-info: +--------+------+-----------------------------+---------------+--------+-------------------+
[   17.688643] cloud-init[1055]: ci-info: +++++++++++++++++++++++++++Route IPv4 info++++++++++++++++++++++++++++
[   17.689188] cloud-init[1055]: ci-info: +-------+-------------+----------+---------------+-----------+-------+
[[0;32m  OK  [0m] Reached target System Initialization.
[   17.690762] cloud-init[1055]: ci-info: | Route | Destination | Gateway  |    Genmask    | Interface | Flags |
[   17.722460] cloud-init[1055]: ci-info: +-------+-------------+----------+---------------+-----------+-------+
         Starting Socket activation for snappy daemon.
[   17.722626] cloud-init[1055]: ci-info: |   0   |   0.0.0.0   | 10.0.2.2 |    0.0.0.0    |   enp0s3  |   UG  |
[   17.772755] cloud-init[1055]: ci-info: |   1   |   10.0.0.0  | 0.0.0.0  | 255.255.255.0 |   enp0s8  |   U   |
[[0;32m  OK  [0m] Listening on D-Bus System Message Bus Socket.
[   17.773254] cloud-init[1055]: ci-info: |   2   |   10.0.2.0  | 0.0.0.0  | 255.255.255.0 |   enp0s3  |   U   |
[   17.795831] cloud-init[1055]: ci-info: +-------+-------------+----------+---------------+-----------+-------+
[   17.796115] cloud-init[1055]: ci-info: +++++++++++++++++++Route IPv6 info+++++++++++++++++++
[   17.796312] cloud-init[1055]: ci-info: +-------+-------------+---------+-----------+-------+
[   17.796828] cloud-init[1055]: ci-info: | Route | Destination | Gateway | Interface | Flags |
[   17.797163] cloud-init[1055]: ci-info: +-------+-------------+---------+-----------+-------+
[   17.797432] cloud-init[1055]: ci-info: |   0   |  fe80::/64  |    ::   |   enp0s8  |   U   |
[   17.797745] cloud-init[1055]: ci-info: |   1   |  fe80::/64  |    ::   |   enp0s3  |   U   |
[   17.797998] cloud-init[1055]: ci-info: |   4   |   ff00::/8  |    ::   |   enp0s8  |   U   |
[   17.798291] cloud-init[1055]: ci-info: |   5   |   ff00::/8  |    ::   |   enp0s3  |   U   |
[[0;32m  OK  [0m] Listening on ACPID Listen Socket.
[   17.798689] cloud-init[1055]: ci-info: +-------+-------------+---------+-----------+-------+
[[0;32m  OK  [0m] Started ACPI Events Check.
[[0;32m  OK  [0m] Reached target Paths.
[[0;32m  OK  [0m] Started Daily apt download activities.
[[0;32m  OK  [0m] Started Daily apt upgrade and clean activities.
         Starting LXD - unix socket.
[[0;32m  OK  [0m] Listening on UUID daemon activation socket.
[[0;32m  OK  [0m] Started Daily Cleanup of Temporary Directories.
[[0;32m  OK  [0m] Reached target Timers.
[[0;32m  OK  [0m] Reached target Network is Online.
         Starting iSCSI initiator daemon (iscsid)...
[[0;32m  OK  [0m] Reached target Cloud-config availability.
[[0;32m  OK  [0m] Listening on Socket activation for snappy daemon.
[[0;32m  OK  [0m] Listening on LXD - unix socket.
[[0;32m  OK  [0m] Reached target Sockets.
[[0;32m  OK  [0m] Reached target Basic System.
         Starting Accounts Service...
[[0;32m  OK  [0m] Started Unattended Upgrades Shutdown.
         Starting /etc/rc.local Compatibility...
[[0;32m  OK  [0m] Started D-Bus System Message Bus.
         Starting System Logging Service...
[[0;32m  OK  [0m] Started Deferred execution scheduler.
[[0;32m  OK  [0m] Started ACPI event daemon.
         Starting LXD - container startup/shutdown...
[[0;32m  OK  [0m] Started Regular background program processing daemon.
[[0;32m  OK  [0m] Started FUSE filesystem for LXC.
         Starting Virtualbox guest utils...
         Starting LSB: Record successful boot for GRUB...
         Starting LSB: MD monitoring daemon...
         Starting OpenBSD Secure Shell server...
         Starting Login Service...
         Starting Snappy daemon...
[[0;32m  OK  [0m] Started System Logging Service.
[[0;32m  OK  [0m] Started iSCSI initiator daemon (iscsid).
[[0;32m  OK  [0m] Started /etc/rc.local Compatibility.
         Starting Authenticate and Authorize Users to Run Privileged Tasks...
         Starting Login to default iSCSI targets...
[[0;32m  OK  [0m] Started Login Service.
[[0;32m  OK  [0m] Started Authenticate and Authorize Users to Run Privileged Tasks.
[[0;32m  OK  [0m] Started Accounts Service.
[[0;32m  OK  [0m] Started LSB: Record successful boot for GRUB.
[[0;32m  OK  [0m] Started LSB: MD monitoring daemon.
[[0;32m  OK  [0m] Started Login to default iSCSI targets.
[[0;32m  OK  [0m] Reached target Remote File Systems (Pre).
[[0;32m  OK  [0m] Reached target Remote File Systems.
         Starting LSB: Set the CPU Frequency Scaling governor to "ondemand"...
         Starting LSB: automatic crash report generation...
         Starting LSB: daemon to balance interrupts for SMP systems...
         Starting Permit User Sessions...
[[0;32m  OK  [0m] Started LSB: Set the CPU Frequency Scaling governor to "ondemand".
[[0;32m  OK  [0m] Started Permit User Sessions.
         Starting Terminate Plymouth Boot Screen...
         Starting Hold until boot process finishes up...
[[0;32m  OK  [0m] Started LSB: automatic crash report generation.
[[0;32m  OK  [0m] Started Terminate Plymouth Boot Screen.
[[0;32m  OK  [0m] Started Hold until boot process finishes up.
[[0;32m  OK  [0m] Started OpenBSD Secure Shell server.
[[0;32m  OK  [0m] Started LSB: daemon to balance interrupts for SMP systems.
[[0;32m  OK  [0m] Started Virtualbox guest utils.
[[0;32m  OK  [0m] Started Serial Getty on ttyS0.
[[0;32m  OK  [0m] Started Getty on tty1.
[[0;32m  OK  [0m] Reached target Login Prompts.
         Starting Set console scheme...
[[0;32m  OK  [0m] Started Set console scheme.
[[0;32m  OK  [0m] Started LXD - container startup/shutdown.
[[0;32m  OK  [0m] Started Snappy daemon.
         Starting Wait until snapd is fully seeded...
[[0;32m  OK  [0m] Started Wait until snapd is fully seeded.
[[0;32m  OK  [0m] Reached target Multi-User System.
[[0;32m  OK  [0m] Reached target Graphical Interface.
         Starting Update UTMP about System Runlevel Changes...
         Starting Apply the settings specified in cloud-config...
[[0;32m  OK  [0m] Started Update UTMP about System Runlevel Changes.
[   20.801291] cloud-init[1295]: Cloud-init v. 18.4-0ubuntu1~16.04.2 running 'modules:config' at Thu, 15 Nov 2018 00:01:28 +0000. Up 20.62 seconds.
[[0;32m  OK  [0m] Started Apply the settings specified in cloud-config.
         Starting Execute cloud user/final scripts...
[   21.579328] cloud-init[1305]: Cloud-init v. 18.4-0ubuntu1~16.04.2 running 'modules:final' at Thu, 15 Nov 2018 00:01:29 +0000. Up 21.37 seconds.
[   21.611874] cloud-init[1305]: Cloud-init v. 18.4-0ubuntu1~16.04.2 finished at Thu, 15 Nov 2018 00:01:29 +0000. Datasource DataSourceNoCloud [seed=/dev/sdb][dsmode=net].  Up 21.56 seconds
[[0;32m  OK  [0m] Started Execute cloud user/final scripts.
         Starting Daily apt download activities...
[[0;32m  OK  [0m] Reached target Cloud-init target.

Ubuntu 16.04.5 LTS ubuntu-xenial ttyS0

ubuntu-xenial login: 